<?xml version="1.0" encoding="UTF-8" ?>
<testsuite errors="0" failures="0" hostname="MacBook-Pro-de-Matias-Ginart-ML-2.local" name="org.pasut.learning.grails.UserIntegrationIntegrationSpec" tests="2" time="0.551" timestamp="2016-02-04T16:31:37">
  <properties />
  <testcase classname="org.pasut.learning.grails.UserIntegrationIntegrationSpec" name="test first save ever" time="0.441" />
  <testcase classname="org.pasut.learning.grails.UserIntegrationIntegrationSpec" name="should delete a user" time="0.105" />
  <system-out><![CDATA[--Output from test first save ever--
--Output from should delete a user--
]]></system-out>
  <system-err><![CDATA[--Output from test first save ever--
--Output from should delete a user--
]]></system-err>
</testsuite>
